<?xml version="1.0" encoding="UTF-8"?>
<!-- Generated by org.testng.reporters.JUnitReportReporter -->
<testsuite hostname="LAPTOP-6P5MVGNC" failures="0" tests="2" name="com.WebApplicationFlipkartTesting" time="6.582" errors="0" timestamp="2024-02-17T17:20:15 IST" skipped="0">
  <testcase classname="com.WebApplicationFlipkartTesting" name="testOpenFlipkartWebsite" time="3.796"/>
  <system-out/>
  <testcase classname="com.WebApplicationFlipkartTesting" name="testPageLoadTime" time="2.786"/>
  <system-out/>
</testsuite> <!-- com.WebApplicationFlipkartTesting -->
