<?xml version="1.0" encoding="UTF-8"?>
<!-- Generated by org.testng.reporters.JUnitReportReporter -->
<testsuite hostname="LAPTOP-6P5MVGNC" failures="0" tests="2" name="com.SearchAndImageLoadFlipkartTesting" time="11.607" errors="0" timestamp="2024-02-17T17:37:22 IST" skipped="0">
  <testcase classname="com.SearchAndImageLoadFlipkartTesting" name="testSearchProduct" time="11.421"/>
  <system-out/>
  <testcase classname="com.SearchAndImageLoadFlipkartTesting" name="testImageLoad" time="0.186"/>
  <system-out/>
</testsuite> <!-- com.SearchAndImageLoadFlipkartTesting -->
