<?xml version="1.0" encoding="UTF-8"?>
<!-- Generated by org.testng.reporters.JUnitReportReporter -->
<testsuite hostname="LAPTOP-6P5MVGNC" failures="0" tests="2" name="com.ScrollPageFlipkartTesting" time="75.414" errors="0" timestamp="2024-02-17T17:20:15 IST" skipped="0">
  <testcase classname="com.ScrollPageFlipkartTesting" name="testImageDownloadTiming" time="15.925"/>
  <system-out/>
  <testcase classname="com.ScrollPageFlipkartTesting" name="testNavigationToBottom" time="59.489"/>
  <system-out/>
</testsuite> <!-- com.ScrollPageFlipkartTesting -->
