<?xml version="1.0" encoding="UTF-8"?>
<!-- Generated by org.testng.reporters.JUnitReportReporter -->
<testsuite hostname="LAPTOP-6P5MVGNC" failures="0" tests="2" name="com.ScrollPageTesting" time="80.656" errors="0" timestamp="2024-02-17T15:24:57 IST" skipped="0">
  <testcase classname="com.ScrollPageTesting" name="testImageDownloadTiming" time="18.225"/>
  <system-out/>
  <testcase classname="com.ScrollPageTesting" name="testNavigationToBottom" time="62.431"/>
  <system-out/>
</testsuite> <!-- com.ScrollPageTesting -->
