<?xml version="1.0" encoding="UTF-8"?>
<!-- Generated by org.testng.reporters.JUnitReportReporter -->
<testsuite hostname="LAPTOP-6P5MVGNC" failures="0" tests="2" name="com.ScrollAndFrequencyFlipkartTesting" time="66.191" errors="0" timestamp="2024-02-17T17:20:15 IST" skipped="0">
  <testcase classname="com.ScrollAndFrequencyFlipkartTesting" name="testScrollFeature" time="10.367"/>
  <system-out/>
  <testcase classname="com.ScrollAndFrequencyFlipkartTesting" name="testScrollRefreshFrequency" time="55.824"/>
  <system-out/>
</testsuite> <!-- com.ScrollAndFrequencyFlipkartTesting -->
